Executed sell 0.001 BTC/USDT @ 29995.153494920152 (id=F1)
loop=1/1 orders=1
Executed sell 0.001 BTC/USDT @ 29995.153494920152 (id=F1)
loop=1/10 orders=1
loop=2/10 orders=0
loop=3/10 orders=0
loop=4/10 orders=0
loop=5/10 orders=0
loop=6/10 orders=0
loop=7/10 orders=0
loop=8/10 orders=0
loop=9/10 orders=0
loop=10/10 orders=0
Executed sell 0.001 BTC/USDT @ 29995.153494920152 (id=F1)
loop=1/10 orders=1
loop=2/10 orders=0
loop=3/10 orders=0
loop=4/10 orders=0
loop=5/10 orders=0
loop=6/10 orders=0
loop=7/10 orders=0
loop=8/10 orders=0
loop=9/10 orders=0
loop=10/10 orders=0
DRY-RUN 모드로 실행합니다 (실제 주문이 나가지 않습니다).
[1/3] no signal
[2/3] no signal
[3/3] no signal
DRY-RUN 모드로 실행합니다 (실제 주문이 나가지 않습니다).
[1/5] no signal
[2/5] no signal
[3/5] no signal
[4/5] no signal
[5/5] no signal
DRY-RUN 모드로 실행합니다 (실제 주문이 나가지 않습니다).
Executed buy 10000 KRW-BTC @ 159986000.0 (id=DRY-1758786200)
[1/10] executed=1
Executed buy 10000 KRW-BTC @ 159989000.0 (id=DRY-1758786206)
[2/10] executed=1
Executed buy 10000 KRW-BTC @ 159986000.0 (id=DRY-1758786212)
[3/10] executed=1
Executed buy 10000 KRW-BTC @ 160000000.0 (id=DRY-1758786218)
[4/10] executed=1
Executed buy 10000 KRW-BTC @ 159991000.0 (id=DRY-1758786224)
[5/10] executed=1
Order rejected: max order limit reached
[6/10] executed=0
Order rejected: max order limit reached
[7/10] executed=0
Order rejected: max order limit reached
[8/10] executed=0
Order rejected: max order limit reached
[9/10] executed=0
Order rejected: max order limit reached
[10/10] executed=0
